<?xml version="1.0" encoding="UTF-8"?>
<!-- Generated by org.testng.reporters.JUnitReportReporter -->
<testsuite hostname="SWLL124" name="com.qa.Test.FAQTest" tests="1" failures="0" timestamp="9 Jun 2020 07:48:15 GMT" time="71.683" errors="0">
  <testcase name="FAQpageTextAccordionTest" time="71.683" classname="com.qa.Test.FAQTest"/>
</testsuite> <!-- com.qa.Test.FAQTest -->
