<?xml version="1.0" encoding="UTF-8"?>
<!-- Generated by org.testng.reporters.JUnitReportReporter -->
<testsuite hostname="SWLL124" name="com.qa.Test.HomePageTest" tests="4" failures="0" timestamp="17 Apr 2020 09:05:52 GMT" time="26.357" errors="0">
  <testcase name="Navigate_To_JobSearch_Link" time="15.957" classname="com.qa.Test.HomePageTest"/>
  <testcase name="ValidatePageTitle" time="0.033" classname="com.qa.Test.HomePageTest"/>
  <testcase name="Accept_Cookie_Policy" time="10.308" classname="com.qa.Test.HomePageTest"/>
  <testcase name="ValidatePageLogo" time="0.059" classname="com.qa.Test.HomePageTest"/>
</testsuite> <!-- com.qa.Test.HomePageTest -->
