<?xml version="1.0" encoding="UTF-8"?>
<!-- Generated by org.testng.reporters.JUnitReportReporter -->
<testsuite hostname="SWLL124" name="com.qa.Test.HomePageTest" tests="4" failures="0" timestamp="6 Mar 2020 07:20:13 GMT" time="36.775" errors="0">
  <testcase name="Navigate_To_JobSearch_Link" time="21.967" classname="com.qa.Test.HomePageTest"/>
  <testcase name="ValidatePageTitle" time="0.060" classname="com.qa.Test.HomePageTest"/>
  <testcase name="Accept_Cookie_Policy" time="14.656" classname="com.qa.Test.HomePageTest"/>
  <testcase name="ValidatePageLogo" time="0.092" classname="com.qa.Test.HomePageTest"/>
</testsuite> <!-- com.qa.Test.HomePageTest -->
