<?xml version="1.0" encoding="UTF-8"?>
<!-- Generated by org.testng.reporters.JUnitReportReporter -->
<testsuite hostname="SWLL124" name="com.qa.Test.HomePageTest" tests="4" failures="0" timestamp="5 Mar 2020 19:05:58 GMT" time="31.355" errors="0">
  <testcase name="Navigate_To_JobSearch_Link" time="20.570" classname="com.qa.Test.HomePageTest"/>
  <testcase name="ValidatePageTitle" time="0.114" classname="com.qa.Test.HomePageTest"/>
  <testcase name="Accept_Cookie_Policy" time="10.535" classname="com.qa.Test.HomePageTest"/>
  <testcase name="ValidatePageLogo" time="0.136" classname="com.qa.Test.HomePageTest"/>
</testsuite> <!-- com.qa.Test.HomePageTest -->
