<?xml version="1.0" encoding="UTF-8"?>
<!-- Generated by org.testng.reporters.JUnitReportReporter -->
<testsuite hostname="SWLL124" name="com.qa.Test.EarlyCareersTest" tests="5" failures="0" timestamp="4 Jun 2020 09:46:31 GMT" time="93.800" errors="0">
  <testcase name="ValidateImageBannerClickTest" time="27.889" classname="com.qa.Test.EarlyCareersTest"/>
  <testcase name="ValidateSingleStorySelectionClickTest" time="7.262" classname="com.qa.Test.EarlyCareersTest"/>
  <testcase name="ValidateLatestJobsSectionClickTest" time="14.431" classname="com.qa.Test.EarlyCareersTest"/>
  <testcase name="ValidateLatestJobsRolesSectionClickTest" time="22.645" classname="com.qa.Test.EarlyCareersTest"/>
  <testcase name="ValidateTwitIconClickTest" time="21.573" classname="com.qa.Test.EarlyCareersTest"/>
</testsuite> <!-- com.qa.Test.EarlyCareersTest -->
