<?xml version="1.0" encoding="UTF-8"?>
<!-- Generated by org.testng.reporters.JUnitReportReporter -->
<testsuite hostname="SWLL124" name="com.qa.Test.ValidateHeaderTest" tests="4" failures="0" timestamp="2 Sep 2020 06:51:06 GMT" time="108.257" errors="0">
  <testcase name="ValidateBootsSearchBarTest" time="11.551" classname="com.qa.Test.ValidateHeaderTest"/>
  <testcase name="ValidateBootsSearchJobsTest" time="49.368" classname="com.qa.Test.ValidateHeaderTest"/>
  <testcase name="ValidateBootsLogoTest" time="7.483" classname="com.qa.Test.ValidateHeaderTest"/>
  <testcase name="ValidateBootsMenuBarTest" time="39.855" classname="com.qa.Test.ValidateHeaderTest"/>
</testsuite> <!-- com.qa.Test.ValidateHeaderTest -->
