<?xml version="1.0" encoding="UTF-8"?>
<!-- Generated by org.testng.reporters.JUnitReportReporter -->
<testsuite hostname="SWLL124" name="com.qa.Test.ValidateFooterTest" tests="2" failures="0" timestamp="1 Sep 2020 11:31:16 GMT" time="116.152" errors="0">
  <testcase name="ValidateBootsFooterLinksTest" time="56.560" classname="com.qa.Test.ValidateFooterTest"/>
  <testcase name="ValidateBootsFooterSocialMediaLinksTest" time="59.592" classname="com.qa.Test.ValidateFooterTest"/>
</testsuite> <!-- com.qa.Test.ValidateFooterTest -->
