<?xml version="1.0" encoding="UTF-8"?>
<!-- Generated by org.testng.reporters.JUnitReportReporter -->
<testsuite hostname="SWLL124" name="com.qa.Test.HomePageTest" tests="2" failures="0" timestamp="4 Jun 2020 07:59:48 GMT" time="56.275" errors="0">
  <testcase name="HomepageBannerClickTest" time="11.474" classname="com.qa.Test.HomePageTest"/>
  <testcase name="HomepageStoryBannerClickTest" time="44.801" classname="com.qa.Test.HomePageTest"/>
</testsuite> <!-- com.qa.Test.HomePageTest -->
