<?xml version="1.0" encoding="UTF-8"?>
<!-- Generated by org.testng.reporters.JUnitReportReporter -->
<testsuite hostname="SWLL124" name="com.qa.Test.HomePageTest" tests="4" failures="0" timestamp="17 Apr 2020 07:34:39 GMT" time="24.477" errors="0">
  <testcase name="Navigate_To_JobSearch_Link" time="15.635" classname="com.qa.Test.HomePageTest"/>
  <testcase name="ValidatePageTitle" time="0.040" classname="com.qa.Test.HomePageTest"/>
  <testcase name="Accept_Cookie_Policy" time="8.747" classname="com.qa.Test.HomePageTest"/>
  <testcase name="ValidatePageLogo" time="0.055" classname="com.qa.Test.HomePageTest"/>
</testsuite> <!-- com.qa.Test.HomePageTest -->
