<?xml version="1.0" encoding="UTF-8"?>
<!-- Generated by org.testng.reporters.JUnitReportReporter -->
<testsuite hostname="SWLL124" name="com.qa.Test.HomePageTest" tests="2" failures="0" timestamp="9 Jun 2020 07:48:15 GMT" time="57.676" errors="0">
  <testcase name="HomepageStoryBannerClickTest" time="45.659" classname="com.qa.Test.HomePageTest"/>
  <testcase name="HomepageBannerClickTest" time="12.017" classname="com.qa.Test.HomePageTest"/>
</testsuite> <!-- com.qa.Test.HomePageTest -->
