<?xml version="1.0" encoding="UTF-8"?>
<!-- Generated by org.testng.reporters.JUnitReportReporter -->
<testsuite hostname="SWLL124" name="com.qa.Test.HomePageTest" tests="4" failures="0" timestamp="17 Apr 2020 09:30:27 GMT" time="28.102" errors="0">
  <testcase name="Navigate_To_JobSearch_Link" time="18.968" classname="com.qa.Test.HomePageTest"/>
  <testcase name="ValidatePageTitle" time="0.025" classname="com.qa.Test.HomePageTest"/>
  <testcase name="Accept_Cookie_Policy" time="9.052" classname="com.qa.Test.HomePageTest"/>
  <testcase name="ValidatePageLogo" time="0.057" classname="com.qa.Test.HomePageTest"/>
</testsuite> <!-- com.qa.Test.HomePageTest -->
