<?xml version="1.0" encoding="UTF-8"?>
<!-- Generated by org.testng.reporters.JUnitReportReporter -->
<testsuite hostname="SWLL124" name="com.qa.Test.ValidateHeaderTest" tests="4" failures="0" timestamp="4 Jun 2020 07:59:47 GMT" time="120.861" errors="0">
  <testcase name="ValidateBootsSearchBarTest" time="11.750" classname="com.qa.Test.ValidateHeaderTest"/>
  <testcase name="ValidateBootsMenuBarTest" time="90.183" classname="com.qa.Test.ValidateHeaderTest"/>
  <testcase name="ValidateBootsSearchJobsTest" time="11.385" classname="com.qa.Test.ValidateHeaderTest"/>
  <testcase name="ValidateBootsLogoTest" time="7.543" classname="com.qa.Test.ValidateHeaderTest"/>
</testsuite> <!-- com.qa.Test.ValidateHeaderTest -->
