<?xml version="1.0" encoding="UTF-8"?>
<!-- Generated by org.testng.reporters.JUnitReportReporter -->
<testsuite hostname="SWLL124" name="com.qa.Test.ValidateFooterTest" tests="2" failures="0" timestamp="9 Sep 2020 10:45:59 GMT" time="59.154" errors="0">
  <testcase name="ValidateBootsFooterLinksTest" time="33.279" classname="com.qa.Test.ValidateFooterTest"/>
  <testcase name="ValidateBootsFooterSocialMediaLinksTest" time="25.875" classname="com.qa.Test.ValidateFooterTest"/>
</testsuite> <!-- com.qa.Test.ValidateFooterTest -->
