<?xml version="1.0" encoding="UTF-8"?>
<!-- Generated by org.testng.reporters.JUnitReportReporter -->
<testsuite hostname="SWLL124" name="com.qa.Test.HomePageTest" tests="2" failures="0" timestamp="22 Jan 2020 13:33:40 GMT" time="28.239" errors="0">
  <testcase name="Accept_Cookie_Policy" time="8.870" classname="com.qa.Test.HomePageTest"/>
  <testcase name="Navigate_To_JobSearch_Link" time="19.369" classname="com.qa.Test.HomePageTest"/>
</testsuite> <!-- com.qa.Test.HomePageTest -->
