<?xml version="1.0" encoding="UTF-8"?>
<!-- Generated by org.testng.reporters.JUnitReportReporter -->
<testsuite hostname="SWLL124" name="com.qa.Test.HomePageTest" tests="4" failures="0" timestamp="4 Feb 2020 09:04:01 GMT" time="28.656" errors="0">
  <testcase name="Navigate_To_JobSearch_Link" time="19.308" classname="com.qa.Test.HomePageTest"/>
  <testcase name="ValidatePageTitle" time="0.054" classname="com.qa.Test.HomePageTest"/>
  <testcase name="Accept_Cookie_Policy" time="9.159" classname="com.qa.Test.HomePageTest"/>
  <testcase name="ValidatePageLogo" time="0.135" classname="com.qa.Test.HomePageTest"/>
</testsuite> <!-- com.qa.Test.HomePageTest -->
