<?xml version="1.0" encoding="UTF-8"?>
<!-- Generated by org.testng.reporters.JUnitReportReporter -->
<testsuite hostname="SWLL124" name="com.qa.Test.FAQTest" tests="1" failures="0" timestamp="9 Sep 2020 10:45:59 GMT" time="32.068" errors="0">
  <testcase name="FAQpageTextAccordionTest" time="32.068" classname="com.qa.Test.FAQTest"/>
</testsuite> <!-- com.qa.Test.FAQTest -->
