<?xml version="1.0" encoding="UTF-8"?>
<!-- Generated by org.testng.reporters.JUnitReportReporter -->
<testsuite hostname="SWLL124" name="com.qa.Test.HomePageTest" tests="4" failures="0" timestamp="4 Feb 2020 12:04:22 GMT" time="26.462" errors="0">
  <testcase name="Navigate_To_JobSearch_Link" time="17.499" classname="com.qa.Test.HomePageTest"/>
  <testcase name="ValidatePageTitle" time="0.029" classname="com.qa.Test.HomePageTest"/>
  <testcase name="Accept_Cookie_Policy" time="8.803" classname="com.qa.Test.HomePageTest"/>
  <testcase name="ValidatePageLogo" time="0.131" classname="com.qa.Test.HomePageTest"/>
</testsuite> <!-- com.qa.Test.HomePageTest -->
