<?xml version="1.0" encoding="UTF-8"?>
<!-- Generated by org.testng.reporters.JUnitReportReporter -->
<testsuite hostname="SWLL124" name="com.qa.Test.ValidateFooterTest" tests="2" failures="0" timestamp="8 Sep 2020 16:31:40 GMT" time="59.911" errors="0">
  <testcase name="ValidateBootsFooterLinksTest" time="33.827" classname="com.qa.Test.ValidateFooterTest"/>
  <testcase name="ValidateBootsFooterSocialMediaLinksTest" time="26.084" classname="com.qa.Test.ValidateFooterTest"/>
</testsuite> <!-- com.qa.Test.ValidateFooterTest -->
