<?xml version="1.0" encoding="UTF-8"?>
<!-- Generated by org.testng.reporters.JUnitReportReporter -->
<testsuite hostname="SWLL124" name="com.qa.Test.HomePageTest" tests="3" failures="0" timestamp="9 Sep 2020 10:45:59 GMT" time="20.901" errors="0">
  <testcase name="HomepageStoryBannerClickTest" time="9.548" classname="com.qa.Test.HomePageTest"/>
  <testcase name="ValidateFollowOurStorySliderClickTest" time="0.025" classname="com.qa.Test.HomePageTest"/>
  <testcase name="HomepageBannerClickTest" time="11.328" classname="com.qa.Test.HomePageTest"/>
</testsuite> <!-- com.qa.Test.HomePageTest -->
