<?xml version="1.0" encoding="UTF-8"?>
<!-- Generated by org.testng.reporters.JUnitReportReporter -->
<testsuite hostname="SWLL124" name="com.qa.Test.ValidateFooterTest" tests="2" failures="0" timestamp="2 Sep 2020 07:57:48 GMT" time="59.096" errors="0">
  <testcase name="ValidateBootsFooterSocialMediaLinksTest" time="25.928" classname="com.qa.Test.ValidateFooterTest"/>
  <testcase name="ValidateBootsFooterLinksTest" time="33.168" classname="com.qa.Test.ValidateFooterTest"/>
</testsuite> <!-- com.qa.Test.ValidateFooterTest -->
