<?xml version="1.0" encoding="UTF-8"?>
<!-- Generated by org.testng.reporters.JUnitReportReporter -->
<testsuite hostname="SWLL124" name="com.qa.Test.FAQTest" tests="1" failures="0" timestamp="2 Sep 2020 07:57:48 GMT" time="73.024" errors="0">
  <testcase name="FAQpageTextAccordionTest" time="73.024" classname="com.qa.Test.FAQTest"/>
</testsuite> <!-- com.qa.Test.FAQTest -->
