<?xml version="1.0" encoding="UTF-8"?>
<!-- Generated by org.testng.reporters.JUnitReportReporter -->
<testsuite hostname="SWLL124" name="com.qa.Test.PharmacistPageTest" tests="2" failures="0" timestamp="3 Sep 2020 06:24:35 GMT" time="116.607" errors="0">
  <testcase name="BookaCallBackFormWithValidDataTest" time="33.042" classname="com.qa.Test.PharmacistPageTest"/>
  <testcase name="AllLocationsFunctionalityTest" time="83.565" classname="com.qa.Test.PharmacistPageTest"/>
</testsuite> <!-- com.qa.Test.PharmacistPageTest -->
