<?xml version="1.0" encoding="UTF-8"?>
<!-- Generated by org.testng.reporters.JUnitReportReporter -->
<testsuite hostname="SWLL124" name="com.qa.Test.HomePageTest" tests="4" failures="0" timestamp="17 Apr 2020 08:04:33 GMT" time="24.918" errors="0">
  <testcase name="Accept_Cookie_Policy" time="8.786" classname="com.qa.Test.HomePageTest"/>
  <testcase name="ValidatePageLogo" time="0.042" classname="com.qa.Test.HomePageTest"/>
  <testcase name="ValidatePageTitle" time="0.034" classname="com.qa.Test.HomePageTest"/>
  <testcase name="Navigate_To_JobSearch_Link" time="16.056" classname="com.qa.Test.HomePageTest"/>
</testsuite> <!-- com.qa.Test.HomePageTest -->
