<?xml version="1.0" encoding="UTF-8"?>
<!-- Generated by org.testng.reporters.JUnitReportReporter -->
<testsuite hostname="SWLL124" name="com.qa.Test.OurStoriesTest" tests="1" failures="0" timestamp="2 Sep 2020 06:51:06 GMT" time="31.799" errors="0">
  <testcase name="OurStoriesPageTest" time="31.799" classname="com.qa.Test.OurStoriesTest"/>
</testsuite> <!-- com.qa.Test.OurStoriesTest -->
