<?xml version="1.0" encoding="UTF-8"?>
<!-- Generated by org.testng.reporters.JUnitReportReporter -->
<testsuite hostname="SWLL124" name="com.qa.Test.PharmacistPageTest" tests="2" failures="0" timestamp="2 Sep 2020 07:57:48 GMT" time="116.809" errors="0">
  <testcase name="AllLocationsFunctionalityTest" time="84.641" classname="com.qa.Test.PharmacistPageTest"/>
  <testcase name="BookaCallBackFormWithValidDataTest" time="32.168" classname="com.qa.Test.PharmacistPageTest"/>
</testsuite> <!-- com.qa.Test.PharmacistPageTest -->
