<?xml version="1.0" encoding="UTF-8"?>
<!-- Generated by org.testng.reporters.JUnitReportReporter -->
<testsuite hostname="SWLL124" name="com.qa.Test.ExternalJobSearchTest" tests="4" failures="0" timestamp="22 Jan 2020 13:33:39 GMT" time="78.030" errors="0">
  <testcase name="Search_Jobs_With_ValidData" time="44.642" classname="com.qa.Test.ExternalJobSearchTest"/>
  <testcase name="Search_Jobs_With_InvalidData" time="16.683" classname="com.qa.Test.ExternalJobSearchTest"/>
  <testcase name="SearchJobs_With_Pagination" time="8.342" classname="com.qa.Test.ExternalJobSearchTest"/>
  <testcase name="SearchJobs_With_SortingOptions" time="8.363" classname="com.qa.Test.ExternalJobSearchTest"/>
</testsuite> <!-- com.qa.Test.ExternalJobSearchTest -->
