<?xml version="1.0" encoding="UTF-8"?>
<!-- Generated by org.testng.reporters.JUnitReportReporter -->
<testsuite hostname="SWLL124" name="com.qa.Test.ValidateHeaderTest" tests="4" failures="0" timestamp="2 Sep 2020 07:57:48 GMT" time="70.850" errors="0">
  <testcase name="ValidateBootsSearchBarTest" time="11.539" classname="com.qa.Test.ValidateHeaderTest"/>
  <testcase name="ValidateBootsSearchJobsTest" time="11.363" classname="com.qa.Test.ValidateHeaderTest"/>
  <testcase name="ValidateBootsLogoTest" time="8.094" classname="com.qa.Test.ValidateHeaderTest"/>
  <testcase name="ValidateBootsMenuBarTest" time="39.854" classname="com.qa.Test.ValidateHeaderTest"/>
</testsuite> <!-- com.qa.Test.ValidateHeaderTest -->
