<?xml version="1.0" encoding="UTF-8"?>
<!-- Generated by org.testng.reporters.JUnitReportReporter -->
<testsuite hostname="SWLL124" name="com.qa.Test.HomePageTest" tests="2" failures="0" timestamp="15 Jan 2020 13:22:09 GMT" time="26.166" errors="0">
  <testcase name="Accept_Cookie_Policy" time="9.284" classname="com.qa.Test.HomePageTest"/>
  <testcase name="Navigate_To_JobSearch_Link" time="16.882" classname="com.qa.Test.HomePageTest"/>
</testsuite> <!-- com.qa.Test.HomePageTest -->
