<?xml version="1.0" encoding="UTF-8"?>
<!-- Generated by org.testng.reporters.JUnitReportReporter -->
<testsuite hostname="SWLL124" name="com.qa.Test.PharmacistPageTest" tests="2" failures="0" timestamp="4 Jun 2020 07:59:48 GMT" time="116.409" errors="0">
  <testcase name="BookaCallBackFormWithValidDataTest" time="36.507" classname="com.qa.Test.PharmacistPageTest"/>
  <testcase name="AllLocationsFunctionalityTest" time="79.902" classname="com.qa.Test.PharmacistPageTest"/>
</testsuite> <!-- com.qa.Test.PharmacistPageTest -->
