<?xml version="1.0" encoding="UTF-8"?>
<!-- Generated by org.testng.reporters.JUnitReportReporter -->
<testsuite hostname="SWLL124" name="com.qa.Test.OurStoriesTest" tests="1" failures="0" timestamp="8 Sep 2020 16:31:40 GMT" time="53.225" errors="0">
  <testcase name="OurStoriesPageTest" time="53.225" classname="com.qa.Test.OurStoriesTest"/>
</testsuite> <!-- com.qa.Test.OurStoriesTest -->
