<?xml version="1.0" encoding="UTF-8"?>
<!-- Generated by org.testng.reporters.JUnitReportReporter -->
<testsuite hostname="SWLL124" name="com.qa.Test.ExternalJobSearchTest" tests="2" failures="0" timestamp="2 Sep 2020 07:57:48 GMT" time="70.753" errors="0">
  <testcase name="SearchJobs_With_InvalidData" time="16.769" classname="com.qa.Test.ExternalJobSearchTest"/>
  <testcase name="SearchJobsWithValidData" time="53.984" classname="com.qa.Test.ExternalJobSearchTest"/>
</testsuite> <!-- com.qa.Test.ExternalJobSearchTest -->
