<?xml version="1.0" encoding="UTF-8"?>
<!-- Generated by org.testng.reporters.JUnitReportReporter -->
<testsuite hostname="SWLL124" name="com.qa.Test.HomePageTest" tests="3" failures="0" timestamp="8 Sep 2020 16:31:40 GMT" time="21.551" errors="0">
  <testcase name="HomepageStoryBannerClickTest" time="9.856" classname="com.qa.Test.HomePageTest"/>
  <testcase name="ValidateFollowOurStorySliderClickTest" time="0.026" classname="com.qa.Test.HomePageTest"/>
  <testcase name="HomepageBannerClickTest" time="11.669" classname="com.qa.Test.HomePageTest"/>
</testsuite> <!-- com.qa.Test.HomePageTest -->
