<?xml version="1.0" encoding="UTF-8"?>
<!-- Generated by org.testng.reporters.JUnitReportReporter -->
<testsuite hostname="SWLL124" name="com.qa.Test.ExternalJobSearchTest" tests="2" failures="0" timestamp="3 Sep 2020 06:24:35 GMT" time="93.767" errors="0">
  <testcase name="SearchJobs_With_InvalidData" time="16.886" classname="com.qa.Test.ExternalJobSearchTest"/>
  <testcase name="SearchJobsWithValidData" time="76.881" classname="com.qa.Test.ExternalJobSearchTest"/>
</testsuite> <!-- com.qa.Test.ExternalJobSearchTest -->
