<?xml version="1.0" encoding="UTF-8"?>
<!-- Generated by org.testng.reporters.JUnitReportReporter -->
<testsuite hostname="SWLL124" name="com.qa.Test.ExternalJobSearchTest" tests="3" failures="0" timestamp="17 Apr 2020 08:04:33 GMT" time="78.692" errors="0">
  <testcase name="SearchJobs_With_Pagination" time="8.787" classname="com.qa.Test.ExternalJobSearchTest"/>
  <testcase name="Search_Jobs_With_ValidData" time="53.289" classname="com.qa.Test.ExternalJobSearchTest"/>
  <testcase name="SearchJobs_With_InvalidData" time="16.616" classname="com.qa.Test.ExternalJobSearchTest"/>
</testsuite> <!-- com.qa.Test.ExternalJobSearchTest -->
