<?xml version="1.0" encoding="UTF-8"?>
<!-- Generated by org.testng.reporters.JUnitReportReporter -->
<testsuite hostname="SWLL124" name="com.qa.Test.ValidateHeaderTest" tests="4" failures="0" timestamp="9 Sep 2020 10:45:59 GMT" time="70.822" errors="0">
  <testcase name="ValidateBootsLogoTest" time="7.995" classname="com.qa.Test.ValidateHeaderTest"/>
  <testcase name="ValidateBootsMenuBarTest" time="39.887" classname="com.qa.Test.ValidateHeaderTest"/>
  <testcase name="ValidateBootsSearchJobsTest" time="11.429" classname="com.qa.Test.ValidateHeaderTest"/>
  <testcase name="ValidateBootsSearchBarTest" time="11.511" classname="com.qa.Test.ValidateHeaderTest"/>
</testsuite> <!-- com.qa.Test.ValidateHeaderTest -->
