<?xml version="1.0" encoding="UTF-8"?>
<!-- Generated by org.testng.reporters.JUnitReportReporter -->
<testsuite hostname="SWLL124" name="com.qa.Test.ValidateHeaderTest" tests="4" failures="0" timestamp="8 Sep 2020 16:31:40 GMT" time="72.227" errors="0">
  <testcase name="ValidateBootsLogoTest" time="8.409" classname="com.qa.Test.ValidateHeaderTest"/>
  <testcase name="ValidateBootsMenuBarTest" time="40.416" classname="com.qa.Test.ValidateHeaderTest"/>
  <testcase name="ValidateBootsSearchJobsTest" time="11.408" classname="com.qa.Test.ValidateHeaderTest"/>
  <testcase name="ValidateBootsSearchBarTest" time="11.994" classname="com.qa.Test.ValidateHeaderTest"/>
</testsuite> <!-- com.qa.Test.ValidateHeaderTest -->
