<?xml version="1.0" encoding="UTF-8"?>
<!-- Generated by org.testng.reporters.JUnitReportReporter -->
<testsuite hostname="SWLL124" name="com.qa.Test.ExternalJobSearchTest" tests="2" failures="0" timestamp="8 Sep 2020 16:31:40 GMT" time="72.695" errors="0">
  <testcase name="SearchJobs_With_InvalidData" time="16.952" classname="com.qa.Test.ExternalJobSearchTest"/>
  <testcase name="SearchJobsWithValidData" time="55.743" classname="com.qa.Test.ExternalJobSearchTest"/>
</testsuite> <!-- com.qa.Test.ExternalJobSearchTest -->
