<?xml version="1.0" encoding="UTF-8"?>
<!-- Generated by org.testng.reporters.JUnitReportReporter -->
<testsuite hostname="SWLL124" name="com.qa.Test.OurStoriesTest" tests="1" failures="0" timestamp="9 Jun 2020 07:48:15 GMT" time="65.423" errors="0">
  <testcase name="OurStoriesPageTest" time="65.423" classname="com.qa.Test.OurStoriesTest"/>
</testsuite> <!-- com.qa.Test.OurStoriesTest -->
