<?xml version="1.0" encoding="UTF-8"?>
<!-- Generated by org.testng.reporters.JUnitReportReporter -->
<testsuite hostname="SWLL124" name="com.qa.Test.ExternalJobSearchTest" tests="4" failures="0" timestamp="3 Feb 2020 10:22:51 GMT" time="80.568" errors="0">
  <testcase name="Search_Jobs_With_ValidData" time="44.873" classname="com.qa.Test.ExternalJobSearchTest"/>
  <testcase name="SearchJobs_With_SortingOptions" time="10.652" classname="com.qa.Test.ExternalJobSearchTest"/>
  <testcase name="Search_Jobs_With_InvalidData" time="16.714" classname="com.qa.Test.ExternalJobSearchTest"/>
  <testcase name="SearchJobs_With_Pagination" time="8.329" classname="com.qa.Test.ExternalJobSearchTest"/>
</testsuite> <!-- com.qa.Test.ExternalJobSearchTest -->
