<?xml version="1.0" encoding="UTF-8"?>
<!-- Generated by org.testng.reporters.JUnitReportReporter -->
<testsuite hostname="SWLL124" name="com.qa.Test.PharmacistPageTest" tests="2" failures="0" timestamp="2 Sep 2020 06:51:06 GMT" time="112.364" errors="0">
  <testcase name="AllLocationsFunctionalityTest" time="80.039" classname="com.qa.Test.PharmacistPageTest"/>
  <testcase name="BookaCallBackFormWithValidDataTest" time="32.325" classname="com.qa.Test.PharmacistPageTest"/>
</testsuite> <!-- com.qa.Test.PharmacistPageTest -->
