<?xml version="1.0" encoding="UTF-8"?>
<!-- Generated by org.testng.reporters.JUnitReportReporter -->
<testsuite hostname="SWLL124" name="com.qa.Test.ExternalJobSearchTest" tests="4" failures="0" timestamp="15 Jan 2020 13:22:09 GMT" time="84.491" errors="0">
  <testcase name="SearchJobs_With_SortingOptions" time="13.467" classname="com.qa.Test.ExternalJobSearchTest"/>
  <testcase name="SearchJobs_With_Pagination" time="9.558" classname="com.qa.Test.ExternalJobSearchTest"/>
  <testcase name="Search_Jobs_With_ValidData" time="44.800" classname="com.qa.Test.ExternalJobSearchTest"/>
  <testcase name="Search_Jobs_With_InvalidData" time="16.666" classname="com.qa.Test.ExternalJobSearchTest"/>
</testsuite> <!-- com.qa.Test.ExternalJobSearchTest -->
