<?xml version="1.0" encoding="UTF-8"?>
<!-- Generated by org.testng.reporters.JUnitReportReporter -->
<testsuite hostname="SWLL124" name="com.qa.Test.HomePageTest" tests="3" failures="0" timestamp="2 Sep 2020 06:51:06 GMT" time="20.853" errors="0">
  <testcase name="ValidateFollowOurStorySliderClickTest" time="0.011" classname="com.qa.Test.HomePageTest"/>
  <testcase name="HomepageStoryBannerClickTest" time="9.446" classname="com.qa.Test.HomePageTest"/>
  <testcase name="HomepageBannerClickTest" time="11.396" classname="com.qa.Test.HomePageTest"/>
</testsuite> <!-- com.qa.Test.HomePageTest -->
