<?xml version="1.0" encoding="UTF-8"?>
<!-- Generated by org.testng.reporters.JUnitReportReporter -->
<testsuite hostname="SWLL124" name="com.qa.Test.HomePageTest" tests="2" failures="0" timestamp="5 Jun 2020 09:29:02 GMT" time="57.916" errors="0">
  <testcase name="HomepageStoryBannerClickTest" time="45.935" classname="com.qa.Test.HomePageTest"/>
  <testcase name="HomepageBannerClickTest" time="11.981" classname="com.qa.Test.HomePageTest"/>
</testsuite> <!-- com.qa.Test.HomePageTest -->
