<?xml version="1.0" encoding="UTF-8"?>
<!-- Generated by org.testng.reporters.JUnitReportReporter -->
<testsuite hostname="SWLL124" name="com.qa.Test.ValidateHeaderTest" tests="4" failures="0" timestamp="9 Jun 2020 11:18:28 GMT" time="69.323" errors="0">
  <testcase name="ValidateBootsMenuBarTest" time="59.697" classname="com.qa.Test.ValidateHeaderTest"/>
  <testcase name="ValidateBootsSearchBarTest" time="2.288" classname="com.qa.Test.ValidateHeaderTest"/>
  <testcase name="ValidateBootsSearchJobsTest" time="2.794" classname="com.qa.Test.ValidateHeaderTest"/>
  <testcase name="ValidateBootsLogoTest" time="4.544" classname="com.qa.Test.ValidateHeaderTest"/>
</testsuite> <!-- com.qa.Test.ValidateHeaderTest -->
