<?xml version="1.0" encoding="UTF-8"?>
<!-- Generated by org.testng.reporters.JUnitReportReporter -->
<testsuite hostname="SWLL124" name="com.qa.Test.ValidateHeaderTest" tests="4" failures="0" timestamp="3 Sep 2020 06:24:35 GMT" time="70.662" errors="0">
  <testcase name="ValidateBootsSearchBarTest" time="11.557" classname="com.qa.Test.ValidateHeaderTest"/>
  <testcase name="ValidateBootsMenuBarTest" time="39.962" classname="com.qa.Test.ValidateHeaderTest"/>
  <testcase name="ValidateBootsLogoTest" time="7.759" classname="com.qa.Test.ValidateHeaderTest"/>
  <testcase name="ValidateBootsSearchJobsTest" time="11.384" classname="com.qa.Test.ValidateHeaderTest"/>
</testsuite> <!-- com.qa.Test.ValidateHeaderTest -->
