<?xml version="1.0" encoding="UTF-8"?>
<!-- Generated by org.testng.reporters.JUnitReportReporter -->
<testsuite hostname="SWLL124" name="com.qa.Test.HomePageTest" tests="3" failures="0" timestamp="2 Sep 2020 07:57:48 GMT" time="21.380" errors="0">
  <testcase name="HomepageStoryBannerClickTest" time="9.959" classname="com.qa.Test.HomePageTest"/>
  <testcase name="ValidateFollowOurStorySliderClickTest" time="0.013" classname="com.qa.Test.HomePageTest"/>
  <testcase name="HomepageBannerClickTest" time="11.408" classname="com.qa.Test.HomePageTest"/>
</testsuite> <!-- com.qa.Test.HomePageTest -->
