<?xml version="1.0" encoding="UTF-8"?>
<!-- Generated by org.testng.reporters.JUnitReportReporter -->
<testsuite hostname="SWLL124" name="com.qa.Test.HomePageTest" tests="3" failures="0" timestamp="3 Sep 2020 06:24:35 GMT" time="22.069" errors="0">
  <testcase name="HomepageBannerClickTest" time="11.370" classname="com.qa.Test.HomePageTest"/>
  <testcase name="ValidateFollowOurStorySliderClickTest" time="0.005" classname="com.qa.Test.HomePageTest"/>
  <testcase name="HomepageStoryBannerClickTest" time="10.694" classname="com.qa.Test.HomePageTest"/>
</testsuite> <!-- com.qa.Test.HomePageTest -->
