<?xml version="1.0" encoding="UTF-8"?>
<!-- Generated by org.testng.reporters.JUnitReportReporter -->
<testsuite hostname="SWLL124" name="com.qa.Test.PharmacistPageTest" tests="2" failures="0" timestamp="9 Sep 2020 10:45:59 GMT" time="107.332" errors="0">
  <testcase name="BookaCallBackFormWithValidDataTest" time="28.340" classname="com.qa.Test.PharmacistPageTest"/>
  <testcase name="AllLocationsFunctionalityTest" time="78.992" classname="com.qa.Test.PharmacistPageTest"/>
</testsuite> <!-- com.qa.Test.PharmacistPageTest -->
