<?xml version="1.0" encoding="UTF-8"?>
<!-- Generated by org.testng.reporters.JUnitReportReporter -->
<testsuite hostname="SWLL124" name="com.qa.Test.EarlyCareersTest" tests="5" failures="0" timestamp="2 Sep 2020 06:51:06 GMT" time="60.860" errors="0">
  <testcase name="ValidateSingleStorySelectionClickTest" time="7.276" classname="com.qa.Test.EarlyCareersTest"/>
  <testcase name="ValidateImageBannerClickTest" time="30.848" classname="com.qa.Test.EarlyCareersTest"/>
  <testcase name="ValidateLatestJobsRolesSectionClickTest" time="22.733" classname="com.qa.Test.EarlyCareersTest"/>
  <testcase name="ValidateLatestJobsSectionClickTest" time="0.001" classname="com.qa.Test.EarlyCareersTest"/>
  <testcase name="ValidateTwitIconClickTest" time="0.002" classname="com.qa.Test.EarlyCareersTest"/>
</testsuite> <!-- com.qa.Test.EarlyCareersTest -->
