<?xml version="1.0" encoding="UTF-8"?>
<!-- Generated by org.testng.reporters.JUnitReportReporter -->
<testsuite hostname="SWLL124" name="com.qa.Test.EarlyCareersTest" tests="5" failures="0" timestamp="2 Sep 2020 07:57:48 GMT" time="57.366" errors="0">
  <testcase name="ValidateLatestJobsSectionClickTest" time="0.001" classname="com.qa.Test.EarlyCareersTest"/>
  <testcase name="ValidateLatestJobsRolesSectionClickTest" time="22.732" classname="com.qa.Test.EarlyCareersTest"/>
  <testcase name="ValidateTwitIconClickTest" time="0.023" classname="com.qa.Test.EarlyCareersTest"/>
  <testcase name="ValidateImageBannerClickTest" time="27.335" classname="com.qa.Test.EarlyCareersTest"/>
  <testcase name="ValidateSingleStorySelectionClickTest" time="7.275" classname="com.qa.Test.EarlyCareersTest"/>
</testsuite> <!-- com.qa.Test.EarlyCareersTest -->
