<?xml version="1.0" encoding="UTF-8"?>
<!-- Generated by org.testng.reporters.JUnitReportReporter -->
<testsuite hostname="SWLL124" name="com.qa.Test.ValidateFooterTest" tests="2" failures="0" timestamp="4 Jun 2020 07:59:48 GMT" time="121.031" errors="0">
  <testcase name="ValidateBootsFooterLinksTest" time="60.807" classname="com.qa.Test.ValidateFooterTest"/>
  <testcase name="ValidateBootsFooterSocialMediaLinksTest" time="60.224" classname="com.qa.Test.ValidateFooterTest"/>
</testsuite> <!-- com.qa.Test.ValidateFooterTest -->
