<?xml version="1.0" encoding="UTF-8"?>
<!-- Generated by org.testng.reporters.JUnitReportReporter -->
<testsuite hostname="SWLL124" name="com.qa.Test.FAQTest" tests="1" failures="0" timestamp="9 Jun 2020 06:38:05 GMT" time="121.664" errors="0">
  <testcase name="FAQpageTextAccordionTest" time="121.664" classname="com.qa.Test.FAQTest"/>
</testsuite> <!-- com.qa.Test.FAQTest -->
