<?xml version="1.0" encoding="UTF-8"?>
<!-- Generated by org.testng.reporters.JUnitReportReporter -->
<testsuite hostname="SWLL124" name="com.qa.Test.ValidateFooterTest" tests="2" failures="0" timestamp="3 Sep 2020 06:24:35 GMT" time="59.480" errors="0">
  <testcase name="ValidateBootsFooterLinksTest" time="33.477" classname="com.qa.Test.ValidateFooterTest"/>
  <testcase name="ValidateBootsFooterSocialMediaLinksTest" time="26.003" classname="com.qa.Test.ValidateFooterTest"/>
</testsuite> <!-- com.qa.Test.ValidateFooterTest -->
