<?xml version="1.0" encoding="UTF-8"?>
<!-- Generated by org.testng.reporters.JUnitReportReporter -->
<testsuite hostname="SWLL124" name="com.qa.Test.FAQTest" tests="1" failures="0" timestamp="3 Sep 2020 06:24:35 GMT" time="33.530" errors="0">
  <testcase name="FAQpageTextAccordionTest" time="33.530" classname="com.qa.Test.FAQTest"/>
</testsuite> <!-- com.qa.Test.FAQTest -->
