<?xml version="1.0" encoding="UTF-8"?>
<!-- Generated by org.testng.reporters.JUnitReportReporter -->
<testsuite hostname="SWLL124" name="com.qa.Test.ExternalJobSearchTest" tests="2" failures="0" timestamp="9 Sep 2020 10:45:59 GMT" time="72.362" errors="0">
  <testcase name="SearchJobsWithValidData" time="55.243" classname="com.qa.Test.ExternalJobSearchTest"/>
  <testcase name="SearchJobs_With_InvalidData" time="17.119" classname="com.qa.Test.ExternalJobSearchTest"/>
</testsuite> <!-- com.qa.Test.ExternalJobSearchTest -->
